<?xml version="1.0" encoding="UTF-8"?>
<!-- Generated by org.testng.reporters.JUnitReportReporter -->
<testsuite hostname="DESKTOP-427SG83" failures="0" tests="1" name="TestScripts.LoginTest" time="52.949" errors="0" timestamp="2023-05-15T15:11:02 PKT" skipped="0">
  <testcase classname="TestScripts.LoginTest" name="testlogin" time="52.949"/>
  <system-out/>
</testsuite> <!-- TestScripts.LoginTest -->
