<?xml version="1.0" encoding="UTF-8"?>
<!-- Generated by org.testng.reporters.JUnitReportReporter -->
<testsuite hostname="DESKTOP-427SG83" failures="0" tests="1" name="TestScripts.Signup" time="0.010" errors="0" timestamp="2023-05-11T17:42:16 PKT" skipped="0">
  <testcase classname="TestScripts.Signup" name="f" time="0.010"/>
  <system-out/>
</testsuite> <!-- TestScripts.Signup -->
