<?xml version="1.0" encoding="UTF-8"?>
<!-- Generated by org.testng.reporters.JUnitReportReporter -->
<testsuite hostname="DESKTOP-427SG83" failures="0" tests="1" name="TestPackage.LoginTest" time="44.958" errors="0" timestamp="2023-05-08T17:12:01 PKT" skipped="0">
  <testcase classname="TestPackage.LoginTest" name="testlogin" time="44.958"/>
  <system-out/>
</testsuite> <!-- TestPackage.LoginTest -->
